{"uid":"5962d436c106535f","name":"Уменьшение кол-ва пицц - одна пицца одного вида в строке","fullName":"tests.cart_page.test_change_value_of_products.TestChangeNumberOfPizzaAtCart#test_decrement_single_pizza","historyId":"2002fe8cbb3d9dcb4b3d37da90290d12","time":{"start":1678554257543,"stop":1678554257543,"duration":0},"status":"broken","statusMessage":"selenium.common.exceptions.StaleElementReferenceException: Message: stale element reference: element is not attached to the page document\n  (Session info: chrome=110.0.5481.177)\nStacktrace:\n#0 0x55fae89f3d93 <unknown>\n#1 0x55fae87c22d7 <unknown>\n#2 0x55fae87c58d3 <unknown>\n#3 0x55fae87c5642 <unknown>\n#4 0x55fae87c595c <unknown>\n#5 0x55fae87f8cfe <unknown>\n#6 0x55fae88225f2 <unknown>\n#7 0x55fae87f3873 <unknown>\n#8 0x55fae882281e <unknown>\n#9 0x55fae883a619 <unknown>\n#10 0x55fae8822353 <unknown>\n#11 0x55fae87f1e40 <unknown>\n#12 0x55fae87f3038 <unknown>\n#13 0x55fae8a478be <unknown>\n#14 0x55fae8a4b8f0 <unknown>\n#15 0x55fae8a2bf90 <unknown>\n#16 0x55fae8a4cb7d <unknown>\n#17 0x55fae8a1d578 <unknown>\n#18 0x55fae8a71348 <unknown>\n#19 0x55fae8a714d6 <unknown>\n#20 0x55fae8a8b341 <unknown>\n#21 0x7f901c692609 start_thread","statusTrace":"get_driver = <selenium.webdriver.remote.webdriver.WebDriver (session=\"6367bbe4016e6aae1eead7452a97bf7a\")>\n\n    @pytest.fixture(scope=\"function\")\n    def prepared_cart_with_pizza(get_driver):\n        with allure.step(\"Получение корзины с пиццами со всеми вариациями допов\"):\n            driver = get_driver\n            params = shuffle_pizza_props()\n    \n            for param in params:\n>               go_to_pizza_page_and_add_to_cart(driver, param)\n\nsrc/fixtures/cart_page_fixtures.py:18: \n_ _ _ _ _ _ _ _ _ _ _ _ _ _ _ _ _ _ _ _ _ _ _ _ _ _ _ _ _ _ _ _ _ _ _ _ _ _ _ _ \nsrc/helpers/add_to_cart_at_product_page.py:14: in go_to_pizza_page_and_add_to_cart\n    add_to_cart_and_wait_for_changes(driver)\nsrc/helpers/get_cart_content_after_adding_pizza.py:12: in add_to_cart_and_wait_for_changes\n    wait_for_cart_info_changes(driver=driver,\nsrc/waits/common_waits.py:7: in wait_for_cart_info_changes\n    WebDriverWait(driver, timeout=3).until(\n/opt/hostedtoolcache/Python/3.10.10/x64/lib/python3.10/site-packages/selenium/webdriver/support/wait.py:86: in until\n    value = method(self._driver)\nsrc/waits/common_waits.py:8: in <lambda>\n    lambda d: prev_cart_info != get_cart_text(d)\nsrc/actions/common_actions.py:11: in get_cart_text\n    cart_text = driver.find_element(By.CSS_SELECTOR, CommonLocators.css_cart_locator).text\n/opt/hostedtoolcache/Python/3.10.10/x64/lib/python3.10/site-packages/selenium/webdriver/remote/webelement.py:89: in text\n    return self._execute(Command.GET_ELEMENT_TEXT)[\"value\"]\n/opt/hostedtoolcache/Python/3.10.10/x64/lib/python3.10/site-packages/selenium/webdriver/remote/webelement.py:410: in _execute\n    return self._parent.execute(command, params)\n/opt/hostedtoolcache/Python/3.10.10/x64/lib/python3.10/site-packages/selenium/webdriver/remote/webdriver.py:444: in execute\n    self.error_handler.check_response(response)\n_ _ _ _ _ _ _ _ _ _ _ _ _ _ _ _ _ _ _ _ _ _ _ _ _ _ _ _ _ _ _ _ _ _ _ _ _ _ _ _ \n\nself = <selenium.webdriver.remote.errorhandler.ErrorHandler object at 0x7f033b163280>\nresponse = {'status': 404, 'value': '{\"value\":{\"error\":\"stale element reference\",\"message\":\"stale element reference: element is n...wn>\\\\n#19 0x55fae8a714d6 \\\\u003Cunknown>\\\\n#20 0x55fae8a8b341 \\\\u003Cunknown>\\\\n#21 0x7f901c692609 start_thread\\\\n\"}}'}\n\n    def check_response(self, response: Dict[str, Any]) -> None:\n        \"\"\"\n        Checks that a JSON response from the WebDriver does not have an error.\n    \n        :Args:\n         - response - The JSON response from the WebDriver server as a dictionary\n           object.\n    \n        :Raises: If the response contains an error message.\n        \"\"\"\n        status = response.get(\"status\", None)\n        if not status or status == ErrorCode.SUCCESS:\n            return\n        value = None\n        message = response.get(\"message\", \"\")\n        screen: str = response.get(\"screen\", \"\")\n        stacktrace = None\n        if isinstance(status, int):\n            value_json = response.get(\"value\", None)\n            if value_json and isinstance(value_json, str):\n                import json\n    \n                try:\n                    value = json.loads(value_json)\n                    if len(value.keys()) == 1:\n                        value = value[\"value\"]\n                    status = value.get(\"error\", None)\n                    if not status:\n                        status = value.get(\"status\", ErrorCode.UNKNOWN_ERROR)\n                        message = value.get(\"value\") or value.get(\"message\")\n                        if not isinstance(message, str):\n                            value = message\n                            message = message.get(\"message\")\n                    else:\n                        message = value.get(\"message\", None)\n                except ValueError:\n                    pass\n    \n        exception_class: Type[WebDriverException]\n        if status in ErrorCode.NO_SUCH_ELEMENT:\n            exception_class = NoSuchElementException\n        elif status in ErrorCode.NO_SUCH_FRAME:\n            exception_class = NoSuchFrameException\n        elif status in ErrorCode.NO_SUCH_SHADOW_ROOT:\n            exception_class = NoSuchShadowRootException\n        elif status in ErrorCode.NO_SUCH_WINDOW:\n            exception_class = NoSuchWindowException\n        elif status in ErrorCode.STALE_ELEMENT_REFERENCE:\n            exception_class = StaleElementReferenceException\n        elif status in ErrorCode.ELEMENT_NOT_VISIBLE:\n            exception_class = ElementNotVisibleException\n        elif status in ErrorCode.INVALID_ELEMENT_STATE:\n            exception_class = InvalidElementStateException\n        elif (\n            status in ErrorCode.INVALID_SELECTOR\n            or status in ErrorCode.INVALID_XPATH_SELECTOR\n            or status in ErrorCode.INVALID_XPATH_SELECTOR_RETURN_TYPER\n        ):\n            exception_class = InvalidSelectorException\n        elif status in ErrorCode.ELEMENT_IS_NOT_SELECTABLE:\n            exception_class = ElementNotSelectableException\n        elif status in ErrorCode.ELEMENT_NOT_INTERACTABLE:\n            exception_class = ElementNotInteractableException\n        elif status in ErrorCode.INVALID_COOKIE_DOMAIN:\n            exception_class = InvalidCookieDomainException\n        elif status in ErrorCode.UNABLE_TO_SET_COOKIE:\n            exception_class = UnableToSetCookieException\n        elif status in ErrorCode.TIMEOUT:\n            exception_class = TimeoutException\n        elif status in ErrorCode.SCRIPT_TIMEOUT:\n            exception_class = TimeoutException\n        elif status in ErrorCode.UNKNOWN_ERROR:\n            exception_class = WebDriverException\n        elif status in ErrorCode.UNEXPECTED_ALERT_OPEN:\n            exception_class = UnexpectedAlertPresentException\n        elif status in ErrorCode.NO_ALERT_OPEN:\n            exception_class = NoAlertPresentException\n        elif status in ErrorCode.IME_NOT_AVAILABLE:\n            exception_class = ImeNotAvailableException\n        elif status in ErrorCode.IME_ENGINE_ACTIVATION_FAILED:\n            exception_class = ImeActivationFailedException\n        elif status in ErrorCode.MOVE_TARGET_OUT_OF_BOUNDS:\n            exception_class = MoveTargetOutOfBoundsException\n        elif status in ErrorCode.JAVASCRIPT_ERROR:\n            exception_class = JavascriptException\n        elif status in ErrorCode.SESSION_NOT_CREATED:\n            exception_class = SessionNotCreatedException\n        elif status in ErrorCode.INVALID_ARGUMENT:\n            exception_class = InvalidArgumentException\n        elif status in ErrorCode.NO_SUCH_COOKIE:\n            exception_class = NoSuchCookieException\n        elif status in ErrorCode.UNABLE_TO_CAPTURE_SCREEN:\n            exception_class = ScreenshotException\n        elif status in ErrorCode.ELEMENT_CLICK_INTERCEPTED:\n            exception_class = ElementClickInterceptedException\n        elif status in ErrorCode.INSECURE_CERTIFICATE:\n            exception_class = InsecureCertificateException\n        elif status in ErrorCode.INVALID_COORDINATES:\n            exception_class = InvalidCoordinatesException\n        elif status in ErrorCode.INVALID_SESSION_ID:\n            exception_class = InvalidSessionIdException\n        elif status in ErrorCode.UNKNOWN_METHOD:\n            exception_class = UnknownMethodException\n        else:\n            exception_class = WebDriverException\n        if not value:\n            value = response[\"value\"]\n        if isinstance(value, str):\n            raise exception_class(value)\n        if message == \"\" and \"message\" in value:\n            message = value[\"message\"]\n    \n        screen = None  # type: ignore[assignment]\n        if \"screen\" in value:\n            screen = value[\"screen\"]\n    \n        stacktrace = None\n        st_value = value.get(\"stackTrace\") or value.get(\"stacktrace\")\n        if st_value:\n            if isinstance(st_value, str):\n                stacktrace = st_value.split(\"\\n\")\n            else:\n                stacktrace = []\n                try:\n                    for frame in st_value:\n                        line = frame.get(\"lineNumber\", \"\")\n                        file = frame.get(\"fileName\", \"<anonymous>\")\n                        if line:\n                            file = f\"{file}:{line}\"\n                        meth = frame.get(\"methodName\", \"<anonymous>\")\n                        if \"className\" in frame:\n                            meth = \"{}.{}\".format(frame[\"className\"], meth)\n                        msg = \"    at %s (%s)\"\n                        msg = msg % (meth, file)\n                        stacktrace.append(msg)\n                except TypeError:\n                    pass\n        if exception_class == UnexpectedAlertPresentException:\n            alert_text = None\n            if \"data\" in value:\n                alert_text = value[\"data\"].get(\"text\")\n            elif \"alert\" in value:\n                alert_text = value[\"alert\"].get(\"text\")\n            raise exception_class(message, screen, stacktrace, alert_text)  # type: ignore[call-arg]  # mypy is not smart enough here\n>       raise exception_class(message, screen, stacktrace)\nE       selenium.common.exceptions.StaleElementReferenceException: Message: stale element reference: element is not attached to the page document\nE         (Session info: chrome=110.0.5481.177)\nE       Stacktrace:\nE       #0 0x55fae89f3d93 <unknown>\nE       #1 0x55fae87c22d7 <unknown>\nE       #2 0x55fae87c58d3 <unknown>\nE       #3 0x55fae87c5642 <unknown>\nE       #4 0x55fae87c595c <unknown>\nE       #5 0x55fae87f8cfe <unknown>\nE       #6 0x55fae88225f2 <unknown>\nE       #7 0x55fae87f3873 <unknown>\nE       #8 0x55fae882281e <unknown>\nE       #9 0x55fae883a619 <unknown>\nE       #10 0x55fae8822353 <unknown>\nE       #11 0x55fae87f1e40 <unknown>\nE       #12 0x55fae87f3038 <unknown>\nE       #13 0x55fae8a478be <unknown>\nE       #14 0x55fae8a4b8f0 <unknown>\nE       #15 0x55fae8a2bf90 <unknown>\nE       #16 0x55fae8a4cb7d <unknown>\nE       #17 0x55fae8a1d578 <unknown>\nE       #18 0x55fae8a71348 <unknown>\nE       #19 0x55fae8a714d6 <unknown>\nE       #20 0x55fae8a8b341 <unknown>\nE       #21 0x7f901c692609 start_thread\n\n/opt/hostedtoolcache/Python/3.10.10/x64/lib/python3.10/site-packages/selenium/webdriver/remote/errorhandler.py:249: StaleElementReferenceException","flaky":false,"newFailed":false,"newBroken":false,"newPassed":false,"retriesCount":0,"retriesStatusChange":false,"beforeStages":[{"name":"pytestconfig","time":{"start":1678554241219,"stop":1678554241219,"duration":0},"status":"passed","steps":[],"attachments":[],"parameters":[],"stepsCount":0,"attachmentsCount":0,"shouldDisplayMessage":false,"hasContent":false},{"name":"get_driver","time":{"start":1678554257543,"stop":1678554258350,"duration":807},"status":"passed","steps":[{"name":"Запуск браузера: chrome","time":{"start":1678554257543,"stop":1678554258350,"duration":807},"status":"passed","steps":[],"attachments":[],"parameters":[],"stepsCount":0,"attachmentsCount":0,"shouldDisplayMessage":false,"hasContent":false}],"attachments":[],"parameters":[],"stepsCount":1,"attachmentsCount":0,"shouldDisplayMessage":false,"hasContent":true},{"name":"prepared_cart_with_pizza","time":{"start":1678554258351,"stop":1678554271793,"duration":13442},"status":"broken","statusMessage":"selenium.common.exceptions.StaleElementReferenceException: Message: stale element reference: element is not attached to the page document\n  (Session info: chrome=110.0.5481.177)\nStacktrace:\n#0 0x55fae89f3d93 <unknown>\n#1 0x55fae87c22d7 <unknown>\n#2 0x55fae87c58d3 <unknown>\n#3 0x55fae87c5642 <unknown>\n#4 0x55fae87c595c <unknown>\n#5 0x55fae87f8cfe <unknown>\n#6 0x55fae88225f2 <unknown>\n#7 0x55fae87f3873 <unknown>\n#8 0x55fae882281e <unknown>\n#9 0x55fae883a619 <unknown>\n#10 0x55fae8822353 <unknown>\n#11 0x55fae87f1e40 <unknown>\n#12 0x55fae87f3038 <unknown>\n#13 0x55fae8a478be <unknown>\n#14 0x55fae8a4b8f0 <unknown>\n#15 0x55fae8a2bf90 <unknown>\n#16 0x55fae8a4cb7d <unknown>\n#17 0x55fae8a1d578 <unknown>\n#18 0x55fae8a71348 <unknown>\n#19 0x55fae8a714d6 <unknown>\n#20 0x55fae8a8b341 <unknown>\n#21 0x7f901c692609 start_thread\n\n","statusTrace":"  File \"/opt/hostedtoolcache/Python/3.10.10/x64/lib/python3.10/site-packages/pluggy/_callers.py\", line 39, in _multicall\n    res = hook_impl.function(*args)\n  File \"/opt/hostedtoolcache/Python/3.10.10/x64/lib/python3.10/site-packages/_pytest/fixtures.py\", line 1128, in pytest_fixture_setup\n    result = call_fixture_func(fixturefunc, request, kwargs)\n  File \"/opt/hostedtoolcache/Python/3.10.10/x64/lib/python3.10/site-packages/_pytest/fixtures.py\", line 900, in call_fixture_func\n    fixture_result = next(generator)\n  File \"/home/runner/work/python-autotests/python-autotests/src/fixtures/cart_page_fixtures.py\", line 18, in prepared_cart_with_pizza\n    go_to_pizza_page_and_add_to_cart(driver, param)\n  File \"/home/runner/work/python-autotests/python-autotests/src/helpers/add_to_cart_at_product_page.py\", line 14, in go_to_pizza_page_and_add_to_cart\n    add_to_cart_and_wait_for_changes(driver)\n  File \"/home/runner/work/python-autotests/python-autotests/src/helpers/get_cart_content_after_adding_pizza.py\", line 12, in add_to_cart_and_wait_for_changes\n    wait_for_cart_info_changes(driver=driver,\n  File \"/home/runner/work/python-autotests/python-autotests/src/waits/common_waits.py\", line 7, in wait_for_cart_info_changes\n    WebDriverWait(driver, timeout=3).until(\n  File \"/opt/hostedtoolcache/Python/3.10.10/x64/lib/python3.10/site-packages/selenium/webdriver/support/wait.py\", line 86, in until\n    value = method(self._driver)\n  File \"/home/runner/work/python-autotests/python-autotests/src/waits/common_waits.py\", line 8, in <lambda>\n    lambda d: prev_cart_info != get_cart_text(d)\n  File \"/home/runner/work/python-autotests/python-autotests/src/actions/common_actions.py\", line 11, in get_cart_text\n    cart_text = driver.find_element(By.CSS_SELECTOR, CommonLocators.css_cart_locator).text\n  File \"/opt/hostedtoolcache/Python/3.10.10/x64/lib/python3.10/site-packages/selenium/webdriver/remote/webelement.py\", line 89, in text\n    return self._execute(Command.GET_ELEMENT_TEXT)[\"value\"]\n  File \"/opt/hostedtoolcache/Python/3.10.10/x64/lib/python3.10/site-packages/selenium/webdriver/remote/webelement.py\", line 410, in _execute\n    return self._parent.execute(command, params)\n  File \"/opt/hostedtoolcache/Python/3.10.10/x64/lib/python3.10/site-packages/selenium/webdriver/remote/webdriver.py\", line 444, in execute\n    self.error_handler.check_response(response)\n  File \"/opt/hostedtoolcache/Python/3.10.10/x64/lib/python3.10/site-packages/selenium/webdriver/remote/errorhandler.py\", line 249, in check_response\n    raise exception_class(message, screen, stacktrace)\n","steps":[{"name":"Получение корзины с пиццами со всеми вариациями допов","time":{"start":1678554258351,"stop":1678554271793,"duration":13442},"status":"broken","statusMessage":"selenium.common.exceptions.StaleElementReferenceException: Message: stale element reference: element is not attached to the page document\n  (Session info: chrome=110.0.5481.177)\nStacktrace:\n#0 0x55fae89f3d93 <unknown>\n#1 0x55fae87c22d7 <unknown>\n#2 0x55fae87c58d3 <unknown>\n#3 0x55fae87c5642 <unknown>\n#4 0x55fae87c595c <unknown>\n#5 0x55fae87f8cfe <unknown>\n#6 0x55fae88225f2 <unknown>\n#7 0x55fae87f3873 <unknown>\n#8 0x55fae882281e <unknown>\n#9 0x55fae883a619 <unknown>\n#10 0x55fae8822353 <unknown>\n#11 0x55fae87f1e40 <unknown>\n#12 0x55fae87f3038 <unknown>\n#13 0x55fae8a478be <unknown>\n#14 0x55fae8a4b8f0 <unknown>\n#15 0x55fae8a2bf90 <unknown>\n#16 0x55fae8a4cb7d <unknown>\n#17 0x55fae8a1d578 <unknown>\n#18 0x55fae8a71348 <unknown>\n#19 0x55fae8a714d6 <unknown>\n#20 0x55fae8a8b341 <unknown>\n#21 0x7f901c692609 start_thread\n\n","statusTrace":"  File \"/home/runner/work/python-autotests/python-autotests/src/fixtures/cart_page_fixtures.py\", line 18, in prepared_cart_with_pizza\n    go_to_pizza_page_and_add_to_cart(driver, param)\n  File \"/home/runner/work/python-autotests/python-autotests/src/helpers/add_to_cart_at_product_page.py\", line 14, in go_to_pizza_page_and_add_to_cart\n    add_to_cart_and_wait_for_changes(driver)\n  File \"/home/runner/work/python-autotests/python-autotests/src/helpers/get_cart_content_after_adding_pizza.py\", line 12, in add_to_cart_and_wait_for_changes\n    wait_for_cart_info_changes(driver=driver,\n  File \"/home/runner/work/python-autotests/python-autotests/src/waits/common_waits.py\", line 7, in wait_for_cart_info_changes\n    WebDriverWait(driver, timeout=3).until(\n  File \"/opt/hostedtoolcache/Python/3.10.10/x64/lib/python3.10/site-packages/selenium/webdriver/support/wait.py\", line 86, in until\n    value = method(self._driver)\n  File \"/home/runner/work/python-autotests/python-autotests/src/waits/common_waits.py\", line 8, in <lambda>\n    lambda d: prev_cart_info != get_cart_text(d)\n  File \"/home/runner/work/python-autotests/python-autotests/src/actions/common_actions.py\", line 11, in get_cart_text\n    cart_text = driver.find_element(By.CSS_SELECTOR, CommonLocators.css_cart_locator).text\n  File \"/opt/hostedtoolcache/Python/3.10.10/x64/lib/python3.10/site-packages/selenium/webdriver/remote/webelement.py\", line 89, in text\n    return self._execute(Command.GET_ELEMENT_TEXT)[\"value\"]\n  File \"/opt/hostedtoolcache/Python/3.10.10/x64/lib/python3.10/site-packages/selenium/webdriver/remote/webelement.py\", line 410, in _execute\n    return self._parent.execute(command, params)\n  File \"/opt/hostedtoolcache/Python/3.10.10/x64/lib/python3.10/site-packages/selenium/webdriver/remote/webdriver.py\", line 444, in execute\n    self.error_handler.check_response(response)\n  File \"/opt/hostedtoolcache/Python/3.10.10/x64/lib/python3.10/site-packages/selenium/webdriver/remote/errorhandler.py\", line 249, in check_response\n    raise exception_class(message, screen, stacktrace)\n","steps":[{"name":"Выбор допинга: Обычный","time":{"start":1678554262428,"stop":1678554262589,"duration":161},"status":"passed","steps":[],"attachments":[],"parameters":[],"stepsCount":0,"attachmentsCount":0,"shouldDisplayMessage":false,"hasContent":false},{"name":"Изменение кол-ва пицц в инпут форме: 1","time":{"start":1678554262589,"stop":1678554262716,"duration":127},"status":"passed","steps":[],"attachments":[],"parameters":[],"stepsCount":0,"attachmentsCount":0,"shouldDisplayMessage":false,"hasContent":false},{"name":"Добавление пиццы в корзину, ожидание изменений в корзине","time":{"start":1678554262717,"stop":1678554264629,"duration":1912},"status":"passed","steps":[{"name":"Нажатие на кнопку 'добавить в корзину'","time":{"start":1678554262717,"stop":1678554264562,"duration":1845},"status":"passed","steps":[],"attachments":[],"parameters":[],"stepsCount":0,"attachmentsCount":0,"shouldDisplayMessage":false,"hasContent":false}],"attachments":[],"parameters":[],"stepsCount":1,"attachmentsCount":0,"shouldDisplayMessage":false,"hasContent":true},{"name":"Выбор допинга: Сырный","time":{"start":1678554266082,"stop":1678554266300,"duration":218},"status":"passed","steps":[],"attachments":[],"parameters":[],"stepsCount":0,"attachmentsCount":0,"shouldDisplayMessage":false,"hasContent":false},{"name":"Изменение кол-ва пицц в инпут форме: 26","time":{"start":1678554266301,"stop":1678554266431,"duration":130},"status":"passed","steps":[],"attachments":[],"parameters":[],"stepsCount":0,"attachmentsCount":0,"shouldDisplayMessage":false,"hasContent":false},{"name":"Добавление пиццы в корзину, ожидание изменений в корзине","time":{"start":1678554266431,"stop":1678554268008,"duration":1577},"status":"passed","steps":[{"name":"Нажатие на кнопку 'добавить в корзину'","time":{"start":1678554266431,"stop":1678554267957,"duration":1526},"status":"passed","steps":[],"attachments":[],"parameters":[],"stepsCount":0,"attachmentsCount":0,"shouldDisplayMessage":false,"hasContent":false}],"attachments":[],"parameters":[],"stepsCount":1,"attachmentsCount":0,"shouldDisplayMessage":false,"hasContent":true},{"name":"Выбор допинга: Колбасный","time":{"start":1678554269698,"stop":1678554269962,"duration":264},"status":"passed","steps":[],"attachments":[],"parameters":[],"stepsCount":0,"attachmentsCount":0,"shouldDisplayMessage":false,"hasContent":false},{"name":"Изменение кол-ва пицц в инпут форме: 16","time":{"start":1678554269963,"stop":1678554270091,"duration":128},"status":"passed","steps":[],"attachments":[],"parameters":[],"stepsCount":0,"attachmentsCount":0,"shouldDisplayMessage":false,"hasContent":false},{"name":"Добавление пиццы в корзину, ожидание изменений в корзине","time":{"start":1678554270092,"stop":1678554271792,"duration":1700},"status":"broken","statusMessage":"selenium.common.exceptions.StaleElementReferenceException: Message: stale element reference: element is not attached to the page document\n  (Session info: chrome=110.0.5481.177)\nStacktrace:\n#0 0x55fae89f3d93 <unknown>\n#1 0x55fae87c22d7 <unknown>\n#2 0x55fae87c58d3 <unknown>\n#3 0x55fae87c5642 <unknown>\n#4 0x55fae87c595c <unknown>\n#5 0x55fae87f8cfe <unknown>\n#6 0x55fae88225f2 <unknown>\n#7 0x55fae87f3873 <unknown>\n#8 0x55fae882281e <unknown>\n#9 0x55fae883a619 <unknown>\n#10 0x55fae8822353 <unknown>\n#11 0x55fae87f1e40 <unknown>\n#12 0x55fae87f3038 <unknown>\n#13 0x55fae8a478be <unknown>\n#14 0x55fae8a4b8f0 <unknown>\n#15 0x55fae8a2bf90 <unknown>\n#16 0x55fae8a4cb7d <unknown>\n#17 0x55fae8a1d578 <unknown>\n#18 0x55fae8a71348 <unknown>\n#19 0x55fae8a714d6 <unknown>\n#20 0x55fae8a8b341 <unknown>\n#21 0x7f901c692609 start_thread\n\n","statusTrace":"  File \"/home/runner/work/python-autotests/python-autotests/src/helpers/get_cart_content_after_adding_pizza.py\", line 12, in add_to_cart_and_wait_for_changes\n    wait_for_cart_info_changes(driver=driver,\n  File \"/home/runner/work/python-autotests/python-autotests/src/waits/common_waits.py\", line 7, in wait_for_cart_info_changes\n    WebDriverWait(driver, timeout=3).until(\n  File \"/opt/hostedtoolcache/Python/3.10.10/x64/lib/python3.10/site-packages/selenium/webdriver/support/wait.py\", line 86, in until\n    value = method(self._driver)\n  File \"/home/runner/work/python-autotests/python-autotests/src/waits/common_waits.py\", line 8, in <lambda>\n    lambda d: prev_cart_info != get_cart_text(d)\n  File \"/home/runner/work/python-autotests/python-autotests/src/actions/common_actions.py\", line 11, in get_cart_text\n    cart_text = driver.find_element(By.CSS_SELECTOR, CommonLocators.css_cart_locator).text\n  File \"/opt/hostedtoolcache/Python/3.10.10/x64/lib/python3.10/site-packages/selenium/webdriver/remote/webelement.py\", line 89, in text\n    return self._execute(Command.GET_ELEMENT_TEXT)[\"value\"]\n  File \"/opt/hostedtoolcache/Python/3.10.10/x64/lib/python3.10/site-packages/selenium/webdriver/remote/webelement.py\", line 410, in _execute\n    return self._parent.execute(command, params)\n  File \"/opt/hostedtoolcache/Python/3.10.10/x64/lib/python3.10/site-packages/selenium/webdriver/remote/webdriver.py\", line 444, in execute\n    self.error_handler.check_response(response)\n  File \"/opt/hostedtoolcache/Python/3.10.10/x64/lib/python3.10/site-packages/selenium/webdriver/remote/errorhandler.py\", line 249, in check_response\n    raise exception_class(message, screen, stacktrace)\n","steps":[{"name":"Нажатие на кнопку 'добавить в корзину'","time":{"start":1678554270092,"stop":1678554271728,"duration":1636},"status":"passed","steps":[],"attachments":[],"parameters":[],"stepsCount":0,"attachmentsCount":0,"shouldDisplayMessage":false,"hasContent":false}],"attachments":[],"parameters":[],"stepsCount":1,"attachmentsCount":0,"shouldDisplayMessage":true,"hasContent":true}],"attachments":[],"parameters":[],"stepsCount":12,"attachmentsCount":0,"shouldDisplayMessage":false,"hasContent":true}],"attachments":[],"parameters":[],"stepsCount":13,"attachmentsCount":0,"shouldDisplayMessage":false,"hasContent":true}],"afterStages":[{"name":"get_driver::0","time":{"start":1678554271831,"stop":1678554271917,"duration":86},"status":"passed","steps":[],"attachments":[],"parameters":[],"stepsCount":0,"attachmentsCount":0,"shouldDisplayMessage":false,"hasContent":false}],"labels":[{"name":"story","value":"Изменение кол-ва товаров в корзине"},{"name":"feature","value":"Корзина"},{"name":"parentSuite","value":"tests.cart_page"},{"name":"suite","value":"test_change_value_of_products"},{"name":"subSuite","value":"TestChangeNumberOfPizzaAtCart"},{"name":"host","value":"fv-az358-303"},{"name":"thread","value":"2852-MainThread"},{"name":"framework","value":"pytest"},{"name":"language","value":"cpython3"},{"name":"package","value":"tests.cart_page.test_change_value_of_products"},{"name":"resultFormat","value":"allure2"}],"parameters":[],"links":[],"hidden":false,"retry":false,"extra":{"severity":"normal","retries":[],"categories":[{"name":"Test defects","matchedStatuses":[],"flaky":false}],"tags":[]},"source":"5962d436c106535f.json","parameterValues":[]}